Namespace(workers=10, epochs=200, start_epoch=0, batch_size=32, lr=0.0005, print_freq=10, evaluate=False, seed=1000, T=30, means=1.0, TET=True, lvth=True, lamb=0.1, dataset='dvscifar10', model='ResNet19', save_path='./save/low_precision/DVS_CIFAR10/TET/MBNetWide/training_lambda0.1_PreSpikeAvgPool_NegQ/', resume='', neg=1.0, membit=2, wbit=4, thres=1.0, tau=0.5, nprocs=1)
MBNETSNN_NegQ_LP(
  (features): Sequential(
    (0): SConv(
      (fwd): SeqToANNContainer(
        (module): Sequential(
          (0): QConv2d(
            3, 32, kernel_size=(3, 3), stride=(1, 1), padding=(1, 1)
            (wq): SAWB(nbit=4)
            (aq): Identity()
          )
          (1): BatchNorm2d(32, eps=1e-05, momentum=0.1, affine=True, track_running_stats=True)
        )
      )
      (act): LIFSpike(thre=1.000, tau=0.500)
      (pool): SeqToANNContainer(
        (module): AvgPool2d(kernel_size=2, stride=2, padding=0)
      )
    )
    (1): SConvDW(
      (dw): SeqToANNContainer(
        (module): Sequential(
          (0): QConv2d(
            32, 32, kernel_size=(3, 3), stride=(1, 1), padding=(1, 1)
            (wq): SAWB(nbit=4)
            (aq): Identity()
          )
          (1): BatchNorm2d(32, eps=1e-05, momentum=0.1, affine=True, track_running_stats=True)
        )
      )
      (pw): SeqToANNContainer(
        (module): Sequential(
          (0): QConv2d(
            32, 64, kernel_size=(1, 1), stride=(1, 1), padding=(1, 1)
            (wq): SAWB(nbit=4)
            (aq): Identity()
          )
          (1): BatchNorm2d(64, eps=1e-05, momentum=0.1, affine=True, track_running_stats=True)
        )
      )
      (act1): LIFSpike(thre=1.000, tau=0.500)
      (act2): LIFSpike(thre=1.000, tau=0.500)
      (pool): SeqToANNContainer(
        (module): AvgPool2d(kernel_size=2, stride=2, padding=0)
      )
    )
    (2): SConvDW(
      (dw): SeqToANNContainer(
        (module): Sequential(
          (0): QConv2d(
            64, 64, kernel_size=(3, 3), stride=(1, 1), padding=(1, 1)
            (wq): SAWB(nbit=4)
            (aq): Identity()
          )
          (1): BatchNorm2d(64, eps=1e-05, momentum=0.1, affine=True, track_running_stats=True)
        )
      )
      (pw): SeqToANNContainer(
        (module): Sequential(
          (0): QConv2d(
            64, 64, kernel_size=(1, 1), stride=(1, 1), padding=(1, 1)
            (wq): SAWB(nbit=4)
            (aq): Identity()
          )
          (1): BatchNorm2d(64, eps=1e-05, momentum=0.1, affine=True, track_running_stats=True)
        )
      )
      (act1): LIFSpike(thre=1.000, tau=0.500)
      (act2): LIFSpike(thre=1.000, tau=0.500)
      (pool): SeqToANNContainer(
        (module): AvgPool2d(kernel_size=2, stride=2, padding=0)
      )
    )
    (3): SConvDW(
      (dw): SeqToANNContainer(
        (module): Sequential(
          (0): QConv2d(
            64, 64, kernel_size=(3, 3), stride=(1, 1), padding=(1, 1)
            (wq): SAWB(nbit=4)
            (aq): Identity()
          )
          (1): BatchNorm2d(64, eps=1e-05, momentum=0.1, affine=True, track_running_stats=True)
        )
      )
      (pw): SeqToANNContainer(
        (module): Sequential(
          (0): QConv2d(
            64, 128, kernel_size=(1, 1), stride=(1, 1), padding=(1, 1)
            (wq): SAWB(nbit=4)
            (aq): Identity()
          )
          (1): BatchNorm2d(128, eps=1e-05, momentum=0.1, affine=True, track_running_stats=True)
        )
      )
      (act1): LIFSpike(thre=1.000, tau=0.500)
      (act2): LIFSpike(thre=1.000, tau=0.500)
      (pool): SeqToANNContainer(
        (module): AvgPool2d(kernel_size=2, stride=2, padding=0)
      )
    )
    (4): SConvDW(
      (dw): SeqToANNContainer(
        (module): Sequential(
          (0): QConv2d(
            128, 128, kernel_size=(3, 3), stride=(1, 1), padding=(1, 1)
            (wq): SAWB(nbit=4)
            (aq): Identity()
          )
          (1): BatchNorm2d(128, eps=1e-05, momentum=0.1, affine=True, track_running_stats=True)
        )
      )
      (pw): SeqToANNContainer(
        (module): Sequential(
          (0): QConv2d(
            128, 128, kernel_size=(1, 1), stride=(1, 1), padding=(1, 1)
            (wq): SAWB(nbit=4)
            (aq): Identity()
          )
          (1): BatchNorm2d(128, eps=1e-05, momentum=0.1, affine=True, track_running_stats=True)
        )
      )
      (act1): LIFSpike(thre=1.000, tau=0.500)
      (act2): LIFSpike(thre=1.000, tau=0.500)
      (pool): SeqToANNContainer(
        (module): AvgPool2d(kernel_size=2, stride=2, padding=0)
      )
    )
  )
  (classifier1): SeqToANNContainer(
    (module): Linear(in_features=1152, out_features=10, bias=True)
  )
)
Namespace(workers=10, epochs=200, start_epoch=0, batch_size=32, lr=0.0005, print_freq=10, evaluate=False, seed=1000, T=30, means=1.0, TET=True, lvth=True, lamb=0.1, dataset='dvscifar10', model='ResNet19', save_path='./save/low_precision/DVS_CIFAR10/TET/MBNetWide/training_lambda0.1_PreSpikeAvgPool_NegQ/', resume='', neg=1.0, membit=2, wbit=4, thres=1.0, tau=0.5, nprocs=1)
MBNETSNN_NegQ_LP(
  (features): Sequential(
    (0): SConv(
      (fwd): SeqToANNContainer(
        (module): Sequential(
          (0): QConv2d(
            3, 32, kernel_size=(3, 3), stride=(1, 1), padding=(1, 1)
            (wq): SAWB(nbit=4)
            (aq): Identity()
          )
          (1): BatchNorm2d(32, eps=1e-05, momentum=0.1, affine=True, track_running_stats=True)
        )
      )
      (act): LIFSpike(thre=1.000, tau=0.500)
      (pool): SeqToANNContainer(
        (module): AvgPool2d(kernel_size=2, stride=2, padding=0)
      )
    )
    (1): SConvDW(
      (dw): SeqToANNContainer(
        (module): Sequential(
          (0): QConv2d(
            32, 32, kernel_size=(3, 3), stride=(1, 1), padding=(1, 1)
            (wq): SAWB(nbit=4)
            (aq): Identity()
          )
          (1): BatchNorm2d(32, eps=1e-05, momentum=0.1, affine=True, track_running_stats=True)
        )
      )
      (pw): SeqToANNContainer(
        (module): Sequential(
          (0): QConv2d(
            32, 64, kernel_size=(1, 1), stride=(1, 1), padding=(1, 1)
            (wq): SAWB(nbit=4)
            (aq): Identity()
          )
          (1): BatchNorm2d(64, eps=1e-05, momentum=0.1, affine=True, track_running_stats=True)
        )
      )
      (act1): LIFSpike(thre=1.000, tau=0.500)
      (act2): LIFSpike(thre=1.000, tau=0.500)
      (pool): SeqToANNContainer(
        (module): AvgPool2d(kernel_size=2, stride=2, padding=0)
      )
    )
    (2): SConvDW(
      (dw): SeqToANNContainer(
        (module): Sequential(
          (0): QConv2d(
            64, 64, kernel_size=(3, 3), stride=(1, 1), padding=(1, 1)
            (wq): SAWB(nbit=4)
            (aq): Identity()
          )
          (1): BatchNorm2d(64, eps=1e-05, momentum=0.1, affine=True, track_running_stats=True)
        )
      )
      (pw): SeqToANNContainer(
        (module): Sequential(
          (0): QConv2d(
            64, 64, kernel_size=(1, 1), stride=(1, 1), padding=(1, 1)
            (wq): SAWB(nbit=4)
            (aq): Identity()
          )
          (1): BatchNorm2d(64, eps=1e-05, momentum=0.1, affine=True, track_running_stats=True)
        )
      )
      (act1): LIFSpike(thre=1.000, tau=0.500)
      (act2): LIFSpike(thre=1.000, tau=0.500)
      (pool): SeqToANNContainer(
        (module): AvgPool2d(kernel_size=2, stride=2, padding=0)
      )
    )
    (3): SConvDW(
      (dw): SeqToANNContainer(
        (module): Sequential(
          (0): QConv2d(
            64, 64, kernel_size=(3, 3), stride=(1, 1), padding=(1, 1)
            (wq): SAWB(nbit=4)
            (aq): Identity()
          )
          (1): BatchNorm2d(64, eps=1e-05, momentum=0.1, affine=True, track_running_stats=True)
        )
      )
      (pw): SeqToANNContainer(
        (module): Sequential(
          (0): QConv2d(
            64, 128, kernel_size=(1, 1), stride=(1, 1), padding=(1, 1)
            (wq): SAWB(nbit=4)
            (aq): Identity()
          )
          (1): BatchNorm2d(128, eps=1e-05, momentum=0.1, affine=True, track_running_stats=True)
        )
      )
      (act1): LIFSpike(thre=1.000, tau=0.500)
      (act2): LIFSpike(thre=1.000, tau=0.500)
      (pool): SeqToANNContainer(
        (module): AvgPool2d(kernel_size=2, stride=2, padding=0)
      )
    )
    (4): SConvDW(
      (dw): SeqToANNContainer(
        (module): Sequential(
          (0): QConv2d(
            128, 128, kernel_size=(3, 3), stride=(1, 1), padding=(1, 1)
            (wq): SAWB(nbit=4)
            (aq): Identity()
          )
          (1): BatchNorm2d(128, eps=1e-05, momentum=0.1, affine=True, track_running_stats=True)
        )
      )
      (pw): SeqToANNContainer(
        (module): Sequential(
          (0): QConv2d(
            128, 128, kernel_size=(1, 1), stride=(1, 1), padding=(1, 1)
            (wq): SAWB(nbit=4)
            (aq): Identity()
          )
          (1): BatchNorm2d(128, eps=1e-05, momentum=0.1, affine=True, track_running_stats=True)
        )
      )
      (act1): LIFSpike(thre=1.000, tau=0.500)
      (act2): LIFSpike(thre=1.000, tau=0.500)
      (pool): SeqToANNContainer(
        (module): AvgPool2d(kernel_size=2, stride=2, padding=0)
      )
    )
  )
  (classifier1): SeqToANNContainer(
    (module): Linear(in_features=1152, out_features=10, bias=True)
  )
)
----  --------  ------------  ------------  ---------  ------------  ------------  ---------------
  ep        lr    train_loss    train_top1    avg_vth    valid_loss    valid_top1    Best_Accuracy
----  --------  ------------  ------------  ---------  ------------  ------------  ---------------
   1    0.0005        1.7780       34.4667          0        1.7765       38.2000          38.2000
   2    0.0005        1.5690       47.6556          0        1.5213       51.3000          51.3000
   3    0.0005        1.4754       53.4000          0        1.4552       53.6000          53.6000
   4    0.0005        1.3986       58.4444          0        1.4599       52.0000          53.6000
   5    0.0005        1.3397       61.9111          0        1.2891       60.4000          60.4000
   6    0.0005        1.2902       65.1000          0        1.2736       59.7000          60.4000
   7    0.0005        1.2508       66.9333          0        1.2487       59.5000          60.4000
   8    0.0005        1.2177       69.1778          0        1.1983       60.9000          60.9000
   9    0.0005        1.1865       71.2333          0        1.2073       62.6000          62.6000
  10    0.0005        1.1562       72.0000          0        1.1254       63.7000          63.7000
  11    0.0005        1.1347       73.3667          0        1.2756       58.7000          63.7000
  12    0.0005        1.1105       75.2111          0        1.1299       63.8000          63.8000
  13    0.0005        1.0902       76.5778          0        1.1167       65.2000          65.2000
  14    0.0005        1.0754       76.8444          0        1.1209       65.8000          65.8000
  15    0.0005        1.0541       78.6556          0        1.1185       64.4000          65.8000
  16    0.0005        1.0361       79.9778          0        1.0525       66.8000          66.8000
  17    0.0005        1.0233       80.5000          0        1.0682       67.7000          67.7000
  18    0.0005        1.0040       81.5778          0        1.0328       67.4000          67.7000
  19    0.0005        0.9890       82.6111          0        1.0436       67.1000          67.7000
  20    0.0005        0.9729       83.5778          0        1.0786       66.6000          67.7000
  21    0.0005        0.9650       83.9111          0        1.0489       66.6000          67.7000
  22    0.0005        0.9521       84.7778          0        1.0087       68.8000          68.8000
  23    0.0005        0.9358       85.6889          0        1.0402       66.0000          68.8000
  24    0.0005        0.9253       86.1778          0        1.0248       66.3000          68.8000
  25    0.0005        0.9143       86.9333          0        1.0875       65.8000          68.8000
  26    0.0005        0.9008       87.4333          0        1.0900       63.6000          68.8000
  27    0.0005        0.8927       87.8000          0        1.0328       67.8000          68.8000
  28    0.0005        0.8845       88.6111          0        0.9902       70.6000          70.6000
  29    0.0005        0.8699       89.5556          0        1.0856       64.9000          70.6000
  30    0.0005        0.8662       89.5889          0        1.0273       68.7000          70.6000
  31    0.0005        0.8539       89.9667          0        0.9811       70.0000          70.6000
  32    0.0005        0.8477       90.6222          0        0.9928       68.8000          70.6000
  33    0.0005        0.8364       91.1222          0        0.9849       68.1000          70.6000
  34    0.0005        0.8255       91.9556          0        0.9950       68.1000          70.6000
  35    0.0005        0.8167       92.2222          0        1.0114       67.6000          70.6000
  36    0.0005        0.8083       92.2333          0        0.9757       69.5000          70.6000
  37    0.0005        0.8054       92.5333          0        0.9765       71.1000          71.1000
  38    0.0005        0.7919       93.0333          0        0.9793       70.5000          71.1000
  39    0.0005        0.7891       93.2222          0        0.9957       69.4000          71.1000
  40    0.0005        0.7791       93.7111          0        1.0013       68.6000          71.1000
  41    0.0004        0.7788       93.8222          0        0.9816       68.7000          71.1000
  42    0.0004        0.7638       94.6556          0        0.9758       69.0000          71.1000
  43    0.0004        0.7550       95.0556          0        0.9850       69.4000          71.1000
  44    0.0004        0.7535       94.6333          0        0.9527       70.9000          71.1000
  45    0.0004        0.7479       95.3556          0        1.0486       66.2000          71.1000
  46    0.0004        0.7431       95.3333          0        0.9694       70.3000          71.1000
  47    0.0004        0.7356       95.5556          0        0.9938       68.5000          71.1000
  48    0.0004        0.7295       95.9222          0        0.9816       69.9000          71.1000
  49    0.0004        0.7243       96.2889          0        0.9598       70.2000          71.1000
  50    0.0004        0.7161       96.2556          0        0.9853       68.7000          71.1000
  51    0.0004        0.7088       96.5556          0        0.9810       68.6000          71.1000
  52    0.0004        0.7018       96.9667          0        1.0156       68.6000          71.1000
  53    0.0004        0.6992       96.7667          0        0.9506       70.7000          71.1000
  54    0.0004        0.6939       97.1333          0        0.9378       69.9000          71.1000
  55    0.0004        0.6889       97.3556          0        0.9781       68.9000          71.1000
  56    0.0004        0.6829       97.3444          0        0.9926       68.3000          71.1000
  57    0.0004        0.6813       97.2333          0        0.9510       71.9000          71.9000
  58    0.0004        0.6772       97.4667          0        0.9508       71.6000          71.9000
  59    0.0004        0.6729       97.6778          0        0.9439       71.3000          71.9000
  60    0.0004        0.6717       97.6333          0        0.9675       69.6000          71.9000
  61    0.0004        0.6656       97.7889          0        0.9589       71.0000          71.9000
  62    0.0004        0.6592       97.9333          0        0.9633       70.8000          71.9000
  63    0.0004        0.6565       98.0222          0        0.9587       70.9000          71.9000
  64    0.0004        0.6499       98.2333          0        0.9736       68.8000          71.9000
  65    0.0004        0.6454       98.3444          0        0.9489       71.2000          71.9000
  66    0.0004        0.6410       98.3778          0        0.9651       69.9000          71.9000
  67    0.0004        0.6420       98.3667          0        0.9445       70.6000          71.9000
  68    0.0004        0.6390       98.3556          0        0.9871       70.2000          71.9000
  69    0.0004        0.6363       98.5222          0        0.9599       70.4000          71.9000
  70    0.0004        0.6304       98.4778          0        0.9817       69.2000          71.9000
  71    0.0004        0.6296       98.5889          0        0.9575       69.5000          71.9000
  72    0.0004        0.6230       98.6889          0        0.9499       71.1000          71.9000
  73    0.0004        0.6192       98.7333          0        0.9170       72.9000          72.9000
  74    0.0003        0.6165       98.8556          0        0.9541       71.9000          72.9000
  75    0.0003        0.6060       98.9778          0        0.9488       72.1000          72.9000
  76    0.0003        0.6114       98.8222          0        0.9535       70.1000          72.9000
  77    0.0003        0.6077       98.9111          0        0.9208       71.7000          72.9000
  78    0.0003        0.6081       99.0667          0        0.9493       71.4000          72.9000
  79    0.0003        0.6065       98.9000          0        0.9298       70.9000          72.9000
  80    0.0003        0.6002       99.0667          0        0.9191       71.7000          72.9000
  81    0.0003        0.5988       99.0667          0        0.9547       70.8000          72.9000
  82    0.0003        0.5951       99.2222          0        0.9388       70.7000          72.9000
  83    0.0003        0.5913       99.2333          0        0.9534       70.3000          72.9000
  84    0.0003        0.5882       99.2222          0        0.9812       69.4000          72.9000
  85    0.0003        0.5873       99.2444          0        0.9713       70.7000          72.9000
  86    0.0003        0.5894       99.1556          0        0.9856       70.1000          72.9000
  87    0.0003        0.5850       99.2889          0        0.9526       71.1000          72.9000
  88    0.0003        0.5826       99.2667          0        0.9339       70.6000          72.9000
  89    0.0003        0.5829       99.3556          0        0.9762       70.5000          72.9000
  90    0.0003        0.5793       99.1556          0        0.9745       69.3000          72.9000
  91    0.0003        0.5756       99.3222          0        0.9565       70.5000          72.9000
  92    0.0003        0.5725       99.4444          0        0.9277       70.9000          72.9000
  93    0.0003        0.5712       99.5000          0        0.9308       71.1000          72.9000
  94    0.0003        0.5663       99.4222          0        0.9619       70.9000          72.9000
  95    0.0003        0.5682       99.4444          0        0.9453       70.4000          72.9000
  96    0.0003        0.5659       99.5556          0        0.9661       69.9000          72.9000
  97    0.0003        0.5634       99.4333          0        0.9325       71.9000          72.9000
  98    0.0003        0.5621       99.5556          0        0.9306       71.6000          72.9000
  99    0.0003        0.5600       99.4556          0        0.9379       71.6000          72.9000
 100    0.0003        0.5606       99.5111          0        0.9261       72.6000          72.9000
 101    0.0002        0.5565       99.6111          0        0.9387       70.2000          72.9000
 102    0.0002        0.5536       99.5333          0        0.9748       69.8000          72.9000
 103    0.0002        0.5522       99.6667          0        0.9183       72.6000          72.9000
 104    0.0002        0.5513       99.5222          0        0.9099       73.2000          73.2000
 105    0.0002        0.5551       99.5778          0        0.9299       72.2000          73.2000
 106    0.0002        0.5497       99.6889          0        0.9603       69.8000          73.2000
 107    0.0002        0.5490       99.5667          0        0.9347       71.9000          73.2000
 108    0.0002        0.5472       99.6333          0        0.9313       70.4000          73.2000
 109    0.0002        0.5421       99.6444          0        0.9469       72.1000          73.2000
 110    0.0002        0.5423       99.7444          0        0.9100       72.4000          73.2000
 111    0.0002        0.5433       99.6444          0        0.9733       70.6000          73.2000
 112    0.0002        0.5439       99.6222          0        0.9410       71.4000          73.2000
 113    0.0002        0.5392       99.7000          0        0.9267       71.7000          73.2000
 114    0.0002        0.5393       99.7000          0        0.9467       70.0000          73.2000
 115    0.0002        0.5386       99.7889          0        0.9424       71.0000          73.2000
 116    0.0002        0.5383       99.7556          0        0.9306       71.6000          73.2000
 117    0.0002        0.5378       99.7444          0        0.9227       73.0000          73.2000
 118    0.0002        0.5344       99.7667          0        0.9173       72.2000          73.2000
 119    0.0002        0.5352       99.6889          0        0.9156       72.9000          73.2000
 120    0.0002        0.5315       99.8000          0        0.9164       72.6000          73.2000
 121    0.0002        0.5313       99.7333          0        0.9322       70.4000          73.2000
 122    0.0002        0.5319       99.7778          0        0.9693       70.2000          73.2000
 123    0.0002        0.5296       99.7667          0        0.9136       73.4000          73.4000
 124    0.0002        0.5279       99.7667          0        0.9094       73.6000          73.6000
 125    0.0002        0.5276       99.7556          0        0.9341       72.0000          73.6000
 126    0.0002        0.5251       99.7667          0        0.9133       72.5000          73.6000
 127    0.0001        0.5249       99.8111          0        0.9090       74.1000          74.1000
 128    0.0001        0.5210       99.8333          0        0.9191       72.7000          74.1000
 129    0.0001        0.5231       99.8444          0        0.9194       73.1000          74.1000
 130    0.0001        0.5228       99.8111          0        0.9260       72.3000          74.1000
 131    0.0001        0.5237       99.7778          0        0.9230       72.3000          74.1000
 132    0.0001        0.5215       99.8333          0        0.9090       72.6000          74.1000
 133    0.0001        0.5205       99.8111          0        0.9336       71.9000          74.1000
 134    0.0001        0.5222       99.8333          0        0.9479       72.1000          74.1000
 135    0.0001        0.5213       99.7778          0        0.9215       72.9000          74.1000
 136    0.0001        0.5205       99.8333          0        0.9503       71.2000          74.1000
 137    0.0001        0.5170       99.8778          0        0.9082       72.4000          74.1000
 138    0.0001        0.5188       99.8444          0        0.9335       70.3000          74.1000
 139    0.0001        0.5152       99.8778          0        0.9556       70.9000          74.1000
 140    0.0001        0.5183       99.8000          0        0.9451       71.8000          74.1000
 141    0.0001        0.5179       99.8333          0        0.9165       72.4000          74.1000
 142    0.0001        0.5151       99.8000          0        0.9231       72.0000          74.1000
 143    0.0001        0.5159       99.8778          0        0.9312       71.8000          74.1000
 144    0.0001        0.5127       99.8111          0        0.9142       71.8000          74.1000
 145    0.0001        0.5133       99.8667          0        0.9202       73.1000          74.1000
 146    0.0001        0.5124       99.8667          0        0.9353       71.8000          74.1000
 147    0.0001        0.5089       99.8333          0        0.8932       73.6000          74.1000
 148    0.0001        0.5094       99.9000          0        0.9033       73.1000          74.1000
 149    0.0001        0.5101       99.8889          0        0.9056       73.6000          74.1000
 150    0.0001        0.5101       99.8889          0        0.9152       73.2000          74.1000
 151    0.0001        0.5080       99.8778          0        0.9043       73.6000          74.1000
 152    0.0001        0.5073       99.8556          0        0.9314       71.6000          74.1000
 153    0.0001        0.5070       99.8667          0        0.9482       70.3000          74.1000
 154    0.0001        0.5085       99.8778          0        0.9378       71.8000          74.1000
 155    0.0001        0.5043       99.8667          0        0.9161       72.6000          74.1000
 156    0.0001        0.5033       99.8778          0        0.9208       73.2000          74.1000
 157    0.0001        0.5062       99.8667          0        0.9157       72.0000          74.1000
 158    0.0001        0.5037       99.8556          0        0.9030       73.6000          74.1000
 159    0.0001        0.5044       99.8889          0        0.9189       71.8000          74.1000
 160    0.0000        0.5017       99.8889          0        0.9294       73.0000          74.1000
 161    0.0000        0.5026       99.8778          0        0.9564       70.6000          74.1000
 162    0.0000        0.5009       99.9000          0        0.9173       71.3000          74.1000
 163    0.0000        0.5005       99.8667          0        0.9256       72.7000          74.1000
 164    0.0000        0.5013       99.9222          0        0.9136       73.5000          74.1000
 165    0.0000        0.5006       99.8778          0        0.9098       73.6000          74.1000
 166    0.0000        0.4975       99.9111          0        0.9263       72.9000          74.1000
 167    0.0000        0.4985       99.9111          0        0.9031       73.4000          74.1000
 168    0.0000        0.4994       99.8556          0        0.9285       71.4000          74.1000
 169    0.0000        0.4975       99.8778          0        0.9028       73.2000          74.1000
 170    0.0000        0.5014       99.8889          0        0.9213       72.2000          74.1000
 171    0.0000        0.4983       99.9333          0        0.9077       72.2000          74.1000
 172    0.0000        0.4949       99.9000          0        0.8942       74.7000          74.7000
 173    0.0000        0.4949       99.9111          0        0.9074       72.9000          74.7000
 174    0.0000        0.4948       99.9333          0        0.9624       69.3000          74.7000
 175    0.0000        0.4941       99.9111          0        0.9557       71.2000          74.7000
 176    0.0000        0.4941       99.9111          0        0.9018       73.4000          74.7000
 177    0.0000        0.4929       99.9222          0        0.9155       72.5000          74.7000
 178    0.0000        0.4928       99.9222          0        0.8996       73.9000          74.7000
 179    0.0000        0.4914       99.9333          0        0.8965       73.6000          74.7000
 180    0.0000        0.4905       99.9000          0        0.9036       71.6000          74.7000
 181    0.0000        0.4934       99.9333          0        0.9073       73.3000          74.7000
 182    0.0000        0.4909       99.9444          0        0.9092       72.9000          74.7000
 183    0.0000        0.4903       99.8778          0        0.9112       73.1000          74.7000
 184    0.0000        0.4876       99.9444          0        0.9152       72.7000          74.7000
 185    0.0000        0.4908       99.9111          0        0.9056       72.7000          74.7000
 186    0.0000        0.4899       99.9444          0        0.9143       72.9000          74.7000
 187    0.0000        0.4880       99.9111          0        0.8932       73.2000          74.7000
 188    0.0000        0.4865       99.9556          0        0.9124       72.7000          74.7000
 189    0.0000        0.4868       99.9333          0        0.8925       73.9000          74.7000
 190    0.0000        0.4881       99.9222          0        0.9114       72.9000          74.7000
 191    0.0000        0.4877       99.9222          0        0.9196       72.8000          74.7000
 192    0.0000        0.4848       99.9333          0        0.9023       73.0000          74.7000
 193    0.0000        0.4807       99.9556          0        0.8923       73.6000          74.7000
 194    0.0000        0.4822       99.9444          0        0.9173       72.3000          74.7000
 195    0.0000        0.4824       99.9222          0        0.9004       73.0000          74.7000
 196    0.0000        0.4830       99.9111          0        0.9067       73.3000          74.7000
 197    0.0000        0.4804       99.9444          0        0.8945       74.4000          74.7000
 198    0.0000        0.4809       99.9556          0        0.8933       73.1000          74.7000
 199    0.0000        0.4783       99.9111          0        0.9029       72.3000          74.7000
 200    0.0000        0.4753       99.9111          0        0.8895       73.7000          74.7000
