Namespace(T=2, TET=True, batch_size=64, dataset='dvscifar10', epochs=200, evaluate=False, lamb=0.95, lr=0.001, means=1.0, model='ResNet19', nprocs=2, print_freq=10, seed=1000, start_epoch=0, workers=10)
Namespace(T=2, TET=True, batch_size=64, dataset='dvscifar10', epochs=200, evaluate=False, lamb=0.95, lr=0.001, means=1.0, model='ResNet19', nprocs=2, print_freq=10, seed=1000, start_epoch=0, workers=10)
VGGSNN9(
  (features): Sequential(
    (0): Layer(
      (fwd): SeqToANNContainer(
        (module): Sequential(
          (0): Conv2d(3, 32, kernel_size=(3, 3), stride=(1, 1), padding=(1, 1))
          (1): BatchNorm2d(32, eps=1e-05, momentum=0.1, affine=True, track_running_stats=True)
        )
      )
      (act): ZIFArchTan()
    )
    (1): Layer(
      (fwd): SeqToANNContainer(
        (module): Sequential(
          (0): Conv2d(32, 64, kernel_size=(3, 3), stride=(1, 1), padding=(1, 1))
          (1): BatchNorm2d(64, eps=1e-05, momentum=0.1, affine=True, track_running_stats=True)
        )
      )
      (act): ZIFArchTan()
    )
    (2): Layer(
      (fwd): SeqToANNContainer(
        (module): Sequential(
          (0): Conv2d(64, 64, kernel_size=(3, 3), stride=(1, 1), padding=(1, 1))
          (1): BatchNorm2d(64, eps=1e-05, momentum=0.1, affine=True, track_running_stats=True)
        )
      )
      (act): ZIFArchTan()
    )
    (3): SeqToANNContainer(
      (module): AvgPool2d(kernel_size=2, stride=2, padding=0)
    )
    (4): Layer(
      (fwd): SeqToANNContainer(
        (module): Sequential(
          (0): Conv2d(64, 128, kernel_size=(3, 3), stride=(1, 1), padding=(1, 1))
          (1): BatchNorm2d(128, eps=1e-05, momentum=0.1, affine=True, track_running_stats=True)
        )
      )
      (act): ZIFArchTan()
    )
    (5): Layer(
      (fwd): SeqToANNContainer(
        (module): Sequential(
          (0): Conv2d(128, 128, kernel_size=(3, 3), stride=(1, 1), padding=(1, 1))
          (1): BatchNorm2d(128, eps=1e-05, momentum=0.1, affine=True, track_running_stats=True)
        )
      )
      (act): ZIFArchTan()
    )
    (6): SeqToANNContainer(
      (module): AvgPool2d(kernel_size=2, stride=2, padding=0)
    )
    (7): Layer(
      (fwd): SeqToANNContainer(
        (module): Sequential(
          (0): Conv2d(128, 256, kernel_size=(3, 3), stride=(1, 1), padding=(1, 1))
          (1): BatchNorm2d(256, eps=1e-05, momentum=0.1, affine=True, track_running_stats=True)
        )
      )
      (act): ZIFArchTan()
    )
    (8): Layer(
      (fwd): SeqToANNContainer(
        (module): Sequential(
          (0): Conv2d(256, 256, kernel_size=(3, 3), stride=(1, 1), padding=(1, 1))
          (1): BatchNorm2d(256, eps=1e-05, momentum=0.1, affine=True, track_running_stats=True)
        )
      )
      (act): ZIFArchTan()
    )
    (9): SeqToANNContainer(
      (module): AvgPool2d(kernel_size=2, stride=2, padding=0)
    )
    (10): Layer(
      (fwd): SeqToANNContainer(
        (module): Sequential(
          (0): Conv2d(256, 512, kernel_size=(3, 3), stride=(1, 1), padding=(1, 1))
          (1): BatchNorm2d(512, eps=1e-05, momentum=0.1, affine=True, track_running_stats=True)
        )
      )
      (act): ZIFArchTan()
    )
    (11): Layer(
      (fwd): SeqToANNContainer(
        (module): Sequential(
          (0): Conv2d(512, 512, kernel_size=(3, 3), stride=(1, 1), padding=(1, 1))
          (1): BatchNorm2d(512, eps=1e-05, momentum=0.1, affine=True, track_running_stats=True)
        )
      )
      (act): ZIFArchTan()
    )
    (12): SeqToANNContainer(
      (module): AvgPool2d(kernel_size=2, stride=2, padding=0)
    )
  )
  (classifier1): SeqToANNContainer(
    (module): Linear(in_features=4608, out_features=512, bias=True)
  )
  (classifier2): SeqToANNContainer(
    (module): Linear(in_features=512, out_features=10, bias=True)
  )
  (drop): SeqToANNContainer(
    (module): Dropout(p=0.5, inplace=False)
  )
)
VGGSNN9(
  (features): Sequential(
    (0): Layer(
      (fwd): SeqToANNContainer(
        (module): Sequential(
          (0): Conv2d(3, 32, kernel_size=(3, 3), stride=(1, 1), padding=(1, 1))
          (1): BatchNorm2d(32, eps=1e-05, momentum=0.1, affine=True, track_running_stats=True)
        )
      )
      (act): ZIFArchTan()
    )
    (1): Layer(
      (fwd): SeqToANNContainer(
        (module): Sequential(
          (0): Conv2d(32, 64, kernel_size=(3, 3), stride=(1, 1), padding=(1, 1))
          (1): BatchNorm2d(64, eps=1e-05, momentum=0.1, affine=True, track_running_stats=True)
        )
      )
      (act): ZIFArchTan()
    )
    (2): Layer(
      (fwd): SeqToANNContainer(
        (module): Sequential(
          (0): Conv2d(64, 64, kernel_size=(3, 3), stride=(1, 1), padding=(1, 1))
          (1): BatchNorm2d(64, eps=1e-05, momentum=0.1, affine=True, track_running_stats=True)
        )
      )
      (act): ZIFArchTan()
    )
    (3): SeqToANNContainer(
      (module): AvgPool2d(kernel_size=2, stride=2, padding=0)
    )
    (4): Layer(
      (fwd): SeqToANNContainer(
        (module): Sequential(
          (0): Conv2d(64, 128, kernel_size=(3, 3), stride=(1, 1), padding=(1, 1))
          (1): BatchNorm2d(128, eps=1e-05, momentum=0.1, affine=True, track_running_stats=True)
        )
      )
      (act): ZIFArchTan()
    )
    (5): Layer(
      (fwd): SeqToANNContainer(
        (module): Sequential(
          (0): Conv2d(128, 128, kernel_size=(3, 3), stride=(1, 1), padding=(1, 1))
          (1): BatchNorm2d(128, eps=1e-05, momentum=0.1, affine=True, track_running_stats=True)
        )
      )
      (act): ZIFArchTan()
    )
    (6): SeqToANNContainer(
      (module): AvgPool2d(kernel_size=2, stride=2, padding=0)
    )
    (7): Layer(
      (fwd): SeqToANNContainer(
        (module): Sequential(
          (0): Conv2d(128, 256, kernel_size=(3, 3), stride=(1, 1), padding=(1, 1))
          (1): BatchNorm2d(256, eps=1e-05, momentum=0.1, affine=True, track_running_stats=True)
        )
      )
      (act): ZIFArchTan()
    )
    (8): Layer(
      (fwd): SeqToANNContainer(
        (module): Sequential(
          (0): Conv2d(256, 256, kernel_size=(3, 3), stride=(1, 1), padding=(1, 1))
          (1): BatchNorm2d(256, eps=1e-05, momentum=0.1, affine=True, track_running_stats=True)
        )
      )
      (act): ZIFArchTan()
    )
    (9): SeqToANNContainer(
      (module): AvgPool2d(kernel_size=2, stride=2, padding=0)
    )
    (10): Layer(
      (fwd): SeqToANNContainer(
        (module): Sequential(
          (0): Conv2d(256, 512, kernel_size=(3, 3), stride=(1, 1), padding=(1, 1))
          (1): BatchNorm2d(512, eps=1e-05, momentum=0.1, affine=True, track_running_stats=True)
        )
      )
      (act): ZIFArchTan()
    )
    (11): Layer(
      (fwd): SeqToANNContainer(
        (module): Sequential(
          (0): Conv2d(512, 512, kernel_size=(3, 3), stride=(1, 1), padding=(1, 1))
          (1): BatchNorm2d(512, eps=1e-05, momentum=0.1, affine=True, track_running_stats=True)
        )
      )
      (act): ZIFArchTan()
    )
    (12): SeqToANNContainer(
      (module): AvgPool2d(kernel_size=2, stride=2, padding=0)
    )
  )
  (classifier1): SeqToANNContainer(
    (module): Linear(in_features=4608, out_features=512, bias=True)
  )
  (classifier2): SeqToANNContainer(
    (module): Linear(in_features=512, out_features=10, bias=True)
  )
  (drop): SeqToANNContainer(
    (module): Dropout(p=0.5, inplace=False)
  )
)
Namespace(T=2, TET=True, batch_size=64, dataset='dvscifar10', epochs=200, evaluate=False, lamb=0.95, lr=0.001, means=1.0, model='ResNet19', nprocs=2, print_freq=10, seed=1000, start_epoch=0, workers=10)
Namespace(T=2, TET=True, batch_size=64, dataset='dvscifar10', epochs=200, evaluate=False, lamb=0.95, lr=0.001, means=1.0, model='ResNet19', nprocs=2, print_freq=10, seed=1000, start_epoch=0, workers=10)
VGGSNN9(
  (features): Sequential(
    (0): Layer(
      (fwd): SeqToANNContainer(
        (module): Sequential(
          (0): Conv2d(3, 32, kernel_size=(3, 3), stride=(1, 1), padding=(1, 1))
          (1): BatchNorm2d(32, eps=1e-05, momentum=0.1, affine=True, track_running_stats=True)
        )
      )
      (act): ZIFArchTan()
    )
    (1): Layer(
      (fwd): SeqToANNContainer(
        (module): Sequential(
          (0): Conv2d(32, 64, kernel_size=(3, 3), stride=(1, 1), padding=(1, 1))
          (1): BatchNorm2d(64, eps=1e-05, momentum=0.1, affine=True, track_running_stats=True)
        )
      )
      (act): ZIFArchTan()
    )
    (2): Layer(
      (fwd): SeqToANNContainer(
        (module): Sequential(
          (0): Conv2d(64, 64, kernel_size=(3, 3), stride=(1, 1), padding=(1, 1))
          (1): BatchNorm2d(64, eps=1e-05, momentum=0.1, affine=True, track_running_stats=True)
        )
      )
      (act): ZIFArchTan()
    )
    (3): SeqToANNContainer(
      (module): AvgPool2d(kernel_size=2, stride=2, padding=0)
    )
    (4): Layer(
      (fwd): SeqToANNContainer(
        (module): Sequential(
          (0): Conv2d(64, 128, kernel_size=(3, 3), stride=(1, 1), padding=(1, 1))
          (1): BatchNorm2d(128, eps=1e-05, momentum=0.1, affine=True, track_running_stats=True)
        )
      )
      (act): ZIFArchTan()
    )
    (5): Layer(
      (fwd): SeqToANNContainer(
        (module): Sequential(
          (0): Conv2d(128, 128, kernel_size=(3, 3), stride=(1, 1), padding=(1, 1))
          (1): BatchNorm2d(128, eps=1e-05, momentum=0.1, affine=True, track_running_stats=True)
        )
      )
      (act): ZIFArchTan()
    )
    (6): SeqToANNContainer(
      (module): AvgPool2d(kernel_size=2, stride=2, padding=0)
    )
    (7): Layer(
      (fwd): SeqToANNContainer(
        (module): Sequential(
          (0): Conv2d(128, 256, kernel_size=(3, 3), stride=(1, 1), padding=(1, 1))
          (1): BatchNorm2d(256, eps=1e-05, momentum=0.1, affine=True, track_running_stats=True)
        )
      )
      (act): ZIFArchTan()
    )
    (8): Layer(
      (fwd): SeqToANNContainer(
        (module): Sequential(
          (0): Conv2d(256, 256, kernel_size=(3, 3), stride=(1, 1), padding=(1, 1))
          (1): BatchNorm2d(256, eps=1e-05, momentum=0.1, affine=True, track_running_stats=True)
        )
      )
      (act): ZIFArchTan()
    )
    (9): SeqToANNContainer(
      (module): AvgPool2d(kernel_size=2, stride=2, padding=0)
    )
    (10): Layer(
      (fwd): SeqToANNContainer(
        (module): Sequential(
          (0): Conv2d(256, 512, kernel_size=(3, 3), stride=(1, 1), padding=(1, 1))
          (1): BatchNorm2d(512, eps=1e-05, momentum=0.1, affine=True, track_running_stats=True)
        )
      )
      (act): ZIFArchTan()
    )
    (11): Layer(
      (fwd): SeqToANNContainer(
        (module): Sequential(
          (0): Conv2d(512, 512, kernel_size=(3, 3), stride=(1, 1), padding=(1, 1))
          (1): BatchNorm2d(512, eps=1e-05, momentum=0.1, affine=True, track_running_stats=True)
        )
      )
      (act): ZIFArchTan()
    )
    (12): SeqToANNContainer(
      (module): AvgPool2d(kernel_size=2, stride=2, padding=0)
    )
  )
  (classifier1): SeqToANNContainer(
    (module): Linear(in_features=4608, out_features=512, bias=True)
  )
  (classifier2): SeqToANNContainer(
    (module): Linear(in_features=512, out_features=10, bias=True)
  )
  (drop): SeqToANNContainer(
    (module): Dropout(p=0.5, inplace=False)
  )
)
VGGSNN9(
  (features): Sequential(
    (0): Layer(
      (fwd): SeqToANNContainer(
        (module): Sequential(
          (0): Conv2d(3, 32, kernel_size=(3, 3), stride=(1, 1), padding=(1, 1))
          (1): BatchNorm2d(32, eps=1e-05, momentum=0.1, affine=True, track_running_stats=True)
        )
      )
      (act): ZIFArchTan()
    )
    (1): Layer(
      (fwd): SeqToANNContainer(
        (module): Sequential(
          (0): Conv2d(32, 64, kernel_size=(3, 3), stride=(1, 1), padding=(1, 1))
          (1): BatchNorm2d(64, eps=1e-05, momentum=0.1, affine=True, track_running_stats=True)
        )
      )
      (act): ZIFArchTan()
    )
    (2): Layer(
      (fwd): SeqToANNContainer(
        (module): Sequential(
          (0): Conv2d(64, 64, kernel_size=(3, 3), stride=(1, 1), padding=(1, 1))
          (1): BatchNorm2d(64, eps=1e-05, momentum=0.1, affine=True, track_running_stats=True)
        )
      )
      (act): ZIFArchTan()
    )
    (3): SeqToANNContainer(
      (module): AvgPool2d(kernel_size=2, stride=2, padding=0)
    )
    (4): Layer(
      (fwd): SeqToANNContainer(
        (module): Sequential(
          (0): Conv2d(64, 128, kernel_size=(3, 3), stride=(1, 1), padding=(1, 1))
          (1): BatchNorm2d(128, eps=1e-05, momentum=0.1, affine=True, track_running_stats=True)
        )
      )
      (act): ZIFArchTan()
    )
    (5): Layer(
      (fwd): SeqToANNContainer(
        (module): Sequential(
          (0): Conv2d(128, 128, kernel_size=(3, 3), stride=(1, 1), padding=(1, 1))
          (1): BatchNorm2d(128, eps=1e-05, momentum=0.1, affine=True, track_running_stats=True)
        )
      )
      (act): ZIFArchTan()
    )
    (6): SeqToANNContainer(
      (module): AvgPool2d(kernel_size=2, stride=2, padding=0)
    )
    (7): Layer(
      (fwd): SeqToANNContainer(
        (module): Sequential(
          (0): Conv2d(128, 256, kernel_size=(3, 3), stride=(1, 1), padding=(1, 1))
          (1): BatchNorm2d(256, eps=1e-05, momentum=0.1, affine=True, track_running_stats=True)
        )
      )
      (act): ZIFArchTan()
    )
    (8): Layer(
      (fwd): SeqToANNContainer(
        (module): Sequential(
          (0): Conv2d(256, 256, kernel_size=(3, 3), stride=(1, 1), padding=(1, 1))
          (1): BatchNorm2d(256, eps=1e-05, momentum=0.1, affine=True, track_running_stats=True)
        )
      )
      (act): ZIFArchTan()
    )
    (9): SeqToANNContainer(
      (module): AvgPool2d(kernel_size=2, stride=2, padding=0)
    )
    (10): Layer(
      (fwd): SeqToANNContainer(
        (module): Sequential(
          (0): Conv2d(256, 512, kernel_size=(3, 3), stride=(1, 1), padding=(1, 1))
          (1): BatchNorm2d(512, eps=1e-05, momentum=0.1, affine=True, track_running_stats=True)
        )
      )
      (act): ZIFArchTan()
    )
    (11): Layer(
      (fwd): SeqToANNContainer(
        (module): Sequential(
          (0): Conv2d(512, 512, kernel_size=(3, 3), stride=(1, 1), padding=(1, 1))
          (1): BatchNorm2d(512, eps=1e-05, momentum=0.1, affine=True, track_running_stats=True)
        )
      )
      (act): ZIFArchTan()
    )
    (12): SeqToANNContainer(
      (module): AvgPool2d(kernel_size=2, stride=2, padding=0)
    )
  )
  (classifier1): SeqToANNContainer(
    (module): Linear(in_features=4608, out_features=512, bias=True)
  )
  (classifier2): SeqToANNContainer(
    (module): Linear(in_features=512, out_features=10, bias=True)
  )
  (drop): SeqToANNContainer(
    (module): Dropout(p=0.5, inplace=False)
  )
)
----  --------  ------------  ------------  ------------  ---------  ------------  ------------  ------------  ---------------
  ep        lr    train_loss    train_top1    train_top5    avg_vth    valid_loss    valid_top1    valid_top5    Best_Accuracy
----  --------  ------------  ------------  ------------  ---------  ------------  ------------  ------------  ---------------
   1    0.0010        0.1612       15.2167       60.4389     1.0069        2.2876       17.4000       60.0000          17.4000
----  --------  ------------  ------------  ------------  ---------  ------------  ------------  ------------  ---------------
  ep        lr    train_loss    train_top1    train_top5    avg_vth    valid_loss    valid_top1    valid_top5    Best_Accuracy
----  --------  ------------  ------------  ------------  ---------  ------------  ------------  ------------  ---------------
   1    0.0010        0.1612       15.2167       60.4389     0.8958        2.2876       17.4000       60.0000          17.4000
   2    0.0010        0.1233       22.8556       69.8778     1.0070        2.2772       18.2000       67.8000          18.2000
   2    0.0010        0.1233       22.8556       69.8778     0.8959        2.2772       18.2000       67.8000          18.2000
   3    0.0010        0.1198       35.4222       78.5889     1.0070        2.2665       31.4000       78.8000          31.4000
   3    0.0010        0.1198       35.4222       78.5889     0.8959        2.2665       31.4000       78.8000          31.4000
   4    0.0010        0.1183       44.3556       83.2056     0.8960        2.2601       42.7000       83.8500          42.7000
   4    0.0010        0.1183       44.3556       83.2056     1.0071        2.2601       42.7000       83.8500          42.7000
   5    0.0010        0.1176       50.9611       86.9222     0.8960        2.2468       45.8500       83.0000          45.8500
   5    0.0010        0.1176       50.9611       86.9222     1.0071        2.2468       45.8500       83.0000          45.8500
   6    0.0010        0.1168       56.2111       89.3000     0.8966        2.2447       49.3500       82.1000          49.3500
   6    0.0010        0.1168       56.2111       89.3000     1.0077        2.2447       49.3500       82.1000          49.3500
   7    0.0010        0.1158       62.1111       91.8722     1.0081        2.2320       51.9000       83.4000          51.9000
   7    0.0010        0.1158       62.1111       91.8722     0.8969        2.2320       51.9000       83.4000          51.9000
   8    0.0010        0.1154       66.4500       93.8722     0.8974        2.2362       51.2500       86.8000          51.9000
   8    0.0010        0.1154       66.4500       93.8722     1.0085        2.2362       51.2500       86.8000          51.9000
   9    0.0010        0.1149       69.3833       94.2444     1.0080        2.2385       46.6000       86.0500          51.9000
   9    0.0010        0.1149       69.3833       94.2444     0.8969        2.2385       46.6000       86.0500          51.9000
  10    0.0010        0.1147       72.0889       95.1444     0.8962        2.2292       57.6500       87.4500          57.6500
  10    0.0010        0.1147       72.0889       95.1444     1.0073        2.2292       57.6500       87.4500          57.6500
  11    0.0010        0.1144       74.3500       95.9222     1.0054        2.2216       59.1500       88.1000          59.1500
  11    0.0010        0.1144       74.3500       95.9222     0.8943        2.2216       59.1500       88.1000          59.1500
  12    0.0010        0.1141       77.2056       96.4056     0.8921        2.2177       59.2000       88.7000          59.2000
  12    0.0010        0.1141       77.2056       96.4056     1.0032        2.2177       59.2000       88.7000          59.2000
  13    0.0010        0.1140       78.8056       96.4444     0.8892        2.2116       63.7500       90.7000          63.7500
  13    0.0010        0.1140       78.8056       96.4444     1.0004        2.2116       63.7500       90.7000          63.7500
  14    0.0010        0.1137       81.6889       97.1722     0.8855        2.2132       59.9000       86.6000          63.7500
  14    0.0010        0.1137       81.6889       97.1722     0.9966        2.2132       59.9000       86.6000          63.7500
  15    0.0010        0.1136       84.4278       97.8000     0.8800        2.2124       61.2000       85.2500          63.7500
  15    0.0010        0.1136       84.4278       97.8000     0.9911        2.2124       61.2000       85.2500          63.7500
  16    0.0010        0.1134       86.8889       98.2111     0.8725        2.2034       62.4500       85.5000          63.7500
  16    0.0010        0.1134       86.8889       98.2111     0.9837        2.2034       62.4500       85.5000          63.7500
  17    0.0010        0.1131       89.0889       98.4833     0.8639        2.2028       63.6500       91.0000          63.7500
  17    0.0010        0.1131       89.0889       98.4833     0.9750        2.2028       63.6500       91.0000          63.7500
  18    0.0010        0.1127       92.0389       99.1667     0.8505        2.2010       64.3000       88.3500          64.3000
  18    0.0010        0.1127       92.0389       99.1667     0.9616        2.2010       64.3000       88.3500          64.3000
  19    0.0010        0.1127       93.1333       99.2167     0.9486        2.2105       62.5500       86.6500          64.3000
  19    0.0010        0.1127       93.1333       99.2167     0.8375        2.2105       62.5500       86.6500          64.3000
  20    0.0010        0.1125       94.5389       99.4722     0.8069        2.2142       60.2000       85.7500          64.3000
  20    0.0010        0.1125       94.5389       99.4722     0.9180        2.2142       60.2000       85.7500          64.3000
  21    0.0010        0.1148       59.3389       89.3278     0.8598        2.2889       23.1000       63.1000          64.3000
  21    0.0010        0.1148       59.3389       89.3278     0.7487        2.2889       23.1000       63.1000          64.3000
  22    0.0010        0.1172       18.3833       65.2056     0.8638        2.2903       22.0500       69.1500          64.3000
  22    0.0010        0.1172       18.3833       65.2056     0.7526        2.2903       22.0500       69.1500          64.3000
  23    0.0010        0.1189       13.0667       57.2444     0.7715        2.2984       14.5000       60.5500          64.3000
  23    0.0010        0.1189       13.0667       57.2444     0.8826        2.2984       14.5000       60.5500          64.3000
  24    0.0010        0.1160       17.3944       65.7278     0.8850        2.2942       19.0500       63.4000          64.3000
  24    0.0010        0.1160       17.3944       65.7278     0.7739        2.2942       19.0500       63.4000          64.3000
  25    0.0010        0.1159       21.0389       70.3667     0.8858        2.2919       22.4000       65.5500          64.3000
  25    0.0010        0.1159       21.0389       70.3667     0.7747        2.2919       22.4000       65.5500          64.3000
  26    0.0010        0.1158       23.6833       72.6667     0.7737        2.2891       23.8000       66.0500          64.3000
  26    0.0010        0.1158       23.6833       72.6667     0.8848        2.2891       23.8000       66.0500          64.3000
  27    0.0010        0.1156       26.2167       74.4222     0.7705        2.2885       21.8000       67.9500          64.3000
  27    0.0010        0.1156       26.2167       74.4222     0.8816        2.2885       21.8000       67.9500          64.3000
  28    0.0010        0.1156       26.9167       74.4889     0.8758        2.2905       21.7000       64.7500          64.3000
  28    0.0010        0.1156       26.9167       74.4889     0.7647        2.2905       21.7000       64.7500          64.3000
  29    0.0010        0.1157       23.2111       69.4278     0.7556        2.2964       17.9500       62.6000          64.3000
  29    0.0010        0.1157       23.2111       69.4278     0.8668        2.2964       17.9500       62.6000          64.3000
  30    0.0010        0.1159       18.0056       65.5944     0.7250        2.2939       20.7500       64.2500          64.3000
  30    0.0010        0.1159       18.0056       65.5944     0.8361        2.2939       20.7500       64.2500          64.3000
  31    0.0008        0.1158       19.3167       67.5389     0.6697        2.3025       10.5000       51.7500          64.3000
  31    0.0008        0.1158       19.3167       67.5389     0.7808        2.3025       10.5000       51.7500          64.3000
  32    0.0008        0.1158       15.1222       61.0000     0.6359        2.3030       10.2000       49.9000          64.3000
  32    0.0008        0.1158       15.1222       61.0000     0.7471        2.3030       10.2000       49.9000          64.3000
  33    0.0008        0.1158       13.0278       57.5000     0.6222        2.3043        9.7500       49.0500          64.3000
  33    0.0008        0.1158       13.0278       57.5000     0.7333        2.3043        9.7500       49.0500          64.3000
  34    0.0008        0.1159       12.1667       54.0500     0.6219        2.3033        8.7000       51.5000          64.3000
  34    0.0008        0.1159       12.1667       54.0500     0.7330        2.3033        8.7000       51.5000          64.3000
  35    0.0008        0.1159       12.2611       55.1333     0.7289        2.3027        9.9000       49.3000          64.3000
  35    0.0008        0.1159       12.2611       55.1333     0.6178        2.3027        9.9000       49.3000          64.3000
  36    0.0008        0.1161       10.0167       49.5167     0.6225        2.3030        8.5000       48.0500          64.3000
  36    0.0008        0.1161       10.0167       49.5167     0.7336        2.3030        8.5000       48.0500          64.3000
  37    0.0008        0.1160        9.9222       49.7333     0.7362        2.3024       10.2000       52.5500          64.3000
  37    0.0008        0.1160        9.9222       49.7333     0.6251        2.3024       10.2000       52.5500          64.3000
  38    0.0008        0.1158       10.1056       49.8833     0.7401        2.3026        8.5000       48.4500          64.3000
  38    0.0008        0.1158       10.1056       49.8833     0.6290        2.3026        8.5000       48.4500          64.3000
  39    0.0008        0.1159        9.9389       50.6722     0.6419        2.3025       11.9500       50.9000          64.3000
  39    0.0008        0.1159        9.9389       50.6722     0.7530        2.3025       11.9500       50.9000          64.3000
  40    0.0008        0.1157       10.0278       50.7778     0.7611        2.3025       12.8000       53.3500          64.3000
  40    0.0008        0.1157       10.0278       50.7778     0.6500        2.3025       12.8000       53.3500          64.3000
  41    0.0008        0.1160        9.8667       49.2056     0.7701        2.3025       10.3500       52.6000          64.3000
  41    0.0008        0.1160        9.8667       49.2056     0.6589        2.3025       10.3500       52.6000          64.3000
  42    0.0008        0.1158        9.9556       50.0500     0.7764        2.3026        9.7000       49.0500          64.3000
  42    0.0008        0.1158        9.9556       50.0500     0.6653        2.3026        9.7000       49.0500          64.3000
  43    0.0008        0.1158        9.9389       49.7833     0.6692        2.3027        8.5000       48.5000          64.3000
  43    0.0008        0.1158        9.9389       49.7833     0.7803        2.3027        8.5000       48.5000          64.3000
  44    0.0008        0.1160       10.0778       50.5278     0.7791        2.3030        8.5000       47.7000          64.3000
  44    0.0008        0.1160       10.0778       50.5278     0.6680        2.3030        8.5000       47.7000          64.3000
  45    0.0008        0.1158        9.5944       49.5111     0.6721        2.3026        9.2000       49.2000          64.3000
  45    0.0008        0.1158        9.5944       49.5111     0.7832        2.3026        9.2000       49.2000          64.3000
  46    0.0008        0.1158       10.3389       50.8389     0.6753        2.3025       10.3000       51.0000          64.3000
  46    0.0008        0.1158       10.3389       50.8389     0.7865        2.3025       10.3000       51.0000          64.3000
  47    0.0008        0.1159        9.7667       50.1389     0.6806        2.3026       10.2000       49.6000          64.3000
  47    0.0008        0.1159        9.7667       50.1389     0.7917        2.3026       10.2000       49.6000          64.3000
  48    0.0008        0.1159       10.2667       50.6778     0.6860        2.3024       10.6000       50.9500          64.3000
  48    0.0008        0.1159       10.2667       50.6778     0.7971        2.3024       10.6000       50.9500          64.3000
  49    0.0008        0.1157       10.1500       50.7278     0.6959        2.3023       10.5000       53.6000          64.3000
  49    0.0008        0.1157       10.1500       50.7278     0.8070        2.3023       10.5000       53.6000          64.3000
  50    0.0008        0.1155       10.9667       51.7167     0.7091        2.3018       10.1000       54.3500          64.3000
  50    0.0008        0.1155       10.9667       51.7167     0.8202        2.3018       10.1000       54.3500          64.3000
  51    0.0008        0.1154       11.0778       52.5111     0.6875        2.3026       10.2000       48.7500          64.3000
  51    0.0008        0.1154       11.0778       52.5111     0.7986        2.3026       10.2000       48.7500          64.3000
  52    0.0008        0.1156       11.4333       52.6944     0.6899        2.3019       11.8000       55.0500          64.3000
  52    0.0008        0.1156       11.4333       52.6944     0.8010        2.3019       11.8000       55.0500          64.3000
  53    0.0008        0.1156       11.6444       53.2278     0.6765        2.3023       10.8000       53.2000          64.3000
  53    0.0008        0.1156       11.6444       53.2278     0.7876        2.3023       10.8000       53.2000          64.3000
  54    0.0008        0.1157       11.1444       52.3667     0.6786        2.3027       10.2000       49.1500          64.3000
  54    0.0008        0.1157       11.1444       52.3667     0.7897        2.3027       10.2000       49.1500          64.3000
  55    0.0008        0.1158       11.4556       52.4333     0.7970        2.3029       10.2000       50.8000          64.3000
  55    0.0008        0.1158       11.4556       52.4333     0.6859        2.3029       10.2000       50.8000          64.3000
  56    0.0008        0.1156       10.1667       50.9167     0.6941        2.3028        9.8500       50.1500          64.3000
  56    0.0008        0.1156       10.1667       50.9167     0.8052        2.3028        9.8500       50.1500          64.3000
  57    0.0008        0.1156        9.8333       50.2556     0.6938        2.3026       11.2000       52.8500          64.3000
  57    0.0008        0.1156        9.8333       50.2556     0.8049        2.3026       11.2000       52.8500          64.3000
  58    0.0008        0.1155       10.1000       50.4111     0.6945        2.3026       10.2500       49.8000          64.3000
  58    0.0008        0.1155       10.1000       50.4111     0.8056        2.3026       10.2500       49.8000          64.3000
  59    0.0008        0.1155        9.6556       49.4167     0.7006        2.3027        9.5500       48.8000          64.3000
  59    0.0008        0.1155        9.6556       49.4167     0.8117        2.3027        9.5500       48.8000          64.3000
  60    0.0008        0.1155        9.9722       50.3167     0.7024        2.3025       10.2500       51.1000          64.3000
  60    0.0008        0.1155        9.9722       50.3167     0.8135        2.3025       10.2500       51.1000          64.3000
