Namespace(workers=10, epochs=500, start_epoch=0, batch_size=64, lr=0.001, print_freq=10, evaluate=False, seed=1000, T=2, means=1.0, TET=True, lamb=0.45, dataset='dvscifar10', model='ResNet19', nprocs=2)
Namespace(workers=10, epochs=500, start_epoch=0, batch_size=64, lr=0.001, print_freq=10, evaluate=False, seed=1000, T=2, means=1.0, TET=True, lamb=0.45, dataset='dvscifar10', model='ResNet19', nprocs=2)
VGGSNN9(
  (features): Sequential(
    (0): Layer(
      (fwd): SeqToANNContainer(
        (module): Sequential(
          (0): Conv2d(3, 64, kernel_size=(3, 3), stride=(1, 1), padding=(1, 1))
          (1): BatchNorm2d(64, eps=1e-05, momentum=0.1, affine=True, track_running_stats=True)
        )
      )
      (act): ZIFArchTan()
    )
    (1): Layer(
      (fwd): SeqToANNContainer(
        (module): Sequential(
          (0): Conv2d(64, 128, kernel_size=(3, 3), stride=(1, 1), padding=(1, 1))
          (1): BatchNorm2d(128, eps=1e-05, momentum=0.1, affine=True, track_running_stats=True)
        )
      )
      (act): ZIFArchTan()
    )
    (2): SeqToANNContainer(
      (module): AvgPool2d(kernel_size=2, stride=2, padding=0)
    )
    (3): Layer(
      (fwd): SeqToANNContainer(
        (module): Sequential(
          (0): Conv2d(128, 256, kernel_size=(3, 3), stride=(1, 1), padding=(1, 1))
          (1): BatchNorm2d(256, eps=1e-05, momentum=0.1, affine=True, track_running_stats=True)
        )
      )
      (act): ZIFArchTan()
    )
    (4): Layer(
      (fwd): SeqToANNContainer(
        (module): Sequential(
          (0): Conv2d(256, 256, kernel_size=(3, 3), stride=(1, 1), padding=(1, 1))
          (1): BatchNorm2d(256, eps=1e-05, momentum=0.1, affine=True, track_running_stats=True)
        )
      )
      (act): ZIFArchTan()
    )
    (5): SeqToANNContainer(
      (module): AvgPool2d(kernel_size=2, stride=2, padding=0)
    )
    (6): Layer(
      (fwd): SeqToANNContainer(
        (module): Sequential(
          (0): Conv2d(256, 512, kernel_size=(3, 3), stride=(1, 1), padding=(1, 1))
          (1): BatchNorm2d(512, eps=1e-05, momentum=0.1, affine=True, track_running_stats=True)
        )
      )
      (act): ZIFArchTan()
    )
    (7): Layer(
      (fwd): SeqToANNContainer(
        (module): Sequential(
          (0): Conv2d(512, 512, kernel_size=(3, 3), stride=(1, 1), padding=(1, 1))
          (1): BatchNorm2d(512, eps=1e-05, momentum=0.1, affine=True, track_running_stats=True)
        )
      )
      (act): ZIFArchTan()
    )
    (8): Layer(
      (fwd): SeqToANNContainer(
        (module): Sequential(
          (0): Conv2d(512, 512, kernel_size=(3, 3), stride=(1, 1), padding=(1, 1))
          (1): BatchNorm2d(512, eps=1e-05, momentum=0.1, affine=True, track_running_stats=True)
        )
      )
      (act): ZIFArchTan()
    )
    (9): Layer(
      (fwd): SeqToANNContainer(
        (module): Sequential(
          (0): Conv2d(512, 512, kernel_size=(3, 3), stride=(1, 1), padding=(1, 1))
          (1): BatchNorm2d(512, eps=1e-05, momentum=0.1, affine=True, track_running_stats=True)
        )
      )
      (act): ZIFArchTan()
    )
    (10): SeqToANNContainer(
      (module): AvgPool2d(kernel_size=2, stride=2, padding=0)
    )
    (11): Layer(
      (fwd): SeqToANNContainer(
        (module): Sequential(
          (0): Conv2d(512, 1024, kernel_size=(3, 3), stride=(1, 1), padding=(1, 1))
          (1): BatchNorm2d(1024, eps=1e-05, momentum=0.1, affine=True, track_running_stats=True)
        )
      )
      (act): ZIFArchTan()
    )
    (12): SeqToANNContainer(
      (module): AvgPool2d(kernel_size=2, stride=2, padding=0)
    )
  )
  (classifier1): SeqToANNContainer(
    (module): Linear(in_features=9216, out_features=512, bias=True)
  )
  (drop): SeqToANNContainer(
    (module): Dropout(p=0.5)
  )
  (classifier2): SeqToANNContainer(
    (module): Linear(in_features=512, out_features=10, bias=True)
  )
)
VGGSNN9(
  (features): Sequential(
    (0): Layer(
      (fwd): SeqToANNContainer(
        (module): Sequential(
          (0): Conv2d(3, 64, kernel_size=(3, 3), stride=(1, 1), padding=(1, 1))
          (1): BatchNorm2d(64, eps=1e-05, momentum=0.1, affine=True, track_running_stats=True)
        )
      )
      (act): ZIFArchTan()
    )
    (1): Layer(
      (fwd): SeqToANNContainer(
        (module): Sequential(
          (0): Conv2d(64, 128, kernel_size=(3, 3), stride=(1, 1), padding=(1, 1))
          (1): BatchNorm2d(128, eps=1e-05, momentum=0.1, affine=True, track_running_stats=True)
        )
      )
      (act): ZIFArchTan()
    )
    (2): SeqToANNContainer(
      (module): AvgPool2d(kernel_size=2, stride=2, padding=0)
    )
    (3): Layer(
      (fwd): SeqToANNContainer(
        (module): Sequential(
          (0): Conv2d(128, 256, kernel_size=(3, 3), stride=(1, 1), padding=(1, 1))
          (1): BatchNorm2d(256, eps=1e-05, momentum=0.1, affine=True, track_running_stats=True)
        )
      )
      (act): ZIFArchTan()
    )
    (4): Layer(
      (fwd): SeqToANNContainer(
        (module): Sequential(
          (0): Conv2d(256, 256, kernel_size=(3, 3), stride=(1, 1), padding=(1, 1))
          (1): BatchNorm2d(256, eps=1e-05, momentum=0.1, affine=True, track_running_stats=True)
        )
      )
      (act): ZIFArchTan()
    )
    (5): SeqToANNContainer(
      (module): AvgPool2d(kernel_size=2, stride=2, padding=0)
    )
    (6): Layer(
      (fwd): SeqToANNContainer(
        (module): Sequential(
          (0): Conv2d(256, 512, kernel_size=(3, 3), stride=(1, 1), padding=(1, 1))
          (1): BatchNorm2d(512, eps=1e-05, momentum=0.1, affine=True, track_running_stats=True)
        )
      )
      (act): ZIFArchTan()
    )
    (7): Layer(
      (fwd): SeqToANNContainer(
        (module): Sequential(
          (0): Conv2d(512, 512, kernel_size=(3, 3), stride=(1, 1), padding=(1, 1))
          (1): BatchNorm2d(512, eps=1e-05, momentum=0.1, affine=True, track_running_stats=True)
        )
      )
      (act): ZIFArchTan()
    )
    (8): Layer(
      (fwd): SeqToANNContainer(
        (module): Sequential(
          (0): Conv2d(512, 512, kernel_size=(3, 3), stride=(1, 1), padding=(1, 1))
          (1): BatchNorm2d(512, eps=1e-05, momentum=0.1, affine=True, track_running_stats=True)
        )
      )
      (act): ZIFArchTan()
    )
    (9): Layer(
      (fwd): SeqToANNContainer(
        (module): Sequential(
          (0): Conv2d(512, 512, kernel_size=(3, 3), stride=(1, 1), padding=(1, 1))
          (1): BatchNorm2d(512, eps=1e-05, momentum=0.1, affine=True, track_running_stats=True)
        )
      )
      (act): ZIFArchTan()
    )
    (10): SeqToANNContainer(
      (module): AvgPool2d(kernel_size=2, stride=2, padding=0)
    )
    (11): Layer(
      (fwd): SeqToANNContainer(
        (module): Sequential(
          (0): Conv2d(512, 1024, kernel_size=(3, 3), stride=(1, 1), padding=(1, 1))
          (1): BatchNorm2d(1024, eps=1e-05, momentum=0.1, affine=True, track_running_stats=True)
        )
      )
      (act): ZIFArchTan()
    )
    (12): SeqToANNContainer(
      (module): AvgPool2d(kernel_size=2, stride=2, padding=0)
    )
  )
  (classifier1): SeqToANNContainer(
    (module): Linear(in_features=9216, out_features=512, bias=True)
  )
  (drop): SeqToANNContainer(
    (module): Dropout(p=0.5)
  )
  (classifier2): SeqToANNContainer(
    (module): Linear(in_features=512, out_features=10, bias=True)
  )
)
----  --------  ------------  ------------  ------------  ---------  ------------  ------------  ------------  ---------------
  ep        lr    train_loss    train_top1    train_top5    avg_vth    valid_loss    valid_top1    valid_top5    Best_Accuracy
----  --------  ------------  ------------  ------------  ---------  ------------  ------------  ------------  ---------------
   1    0.0010        1.3128       31.0665       77.9359     1.0707        1.9695       38.6089       83.9718          38.6089
----  --------  ------------  ------------  ------------  ---------  ------------  ------------  ------------  ---------------
  ep        lr    train_loss    train_top1    train_top5    avg_vth    valid_loss    valid_top1    valid_top5    Best_Accuracy
----  --------  ------------  ------------  ------------  ---------  ------------  ------------  ------------  ---------------
   1    0.0010        1.3128       31.0665       77.9359     1.0707        1.9695       38.6089       83.9718          38.6089
   2    0.0010        1.1326       46.0020       88.8734     1.1020        1.8256       49.1431       88.8105          49.1431
   2    0.0010        1.1326       46.0020       88.8734     1.1020        1.8256       49.1431       88.8105          49.1431
   3    0.0010        1.0813       54.1593       91.9206     1.1071        1.7772       47.6310       87.8528          49.1431
   3    0.0010        1.0813       54.1593       91.9206     1.1071        1.7772       47.6310       87.8528          49.1431
   4    0.0010        1.0471       58.9135       94.2004     1.1123        1.7072       54.5363       91.9859          54.5363
   4    0.0010        1.0471       58.9135       94.2004     1.1123        1.7072       54.5363       91.9859          54.5363
   5    0.0010        1.0221       62.0885       95.3570     1.1107        1.5975       53.3770       91.3810          54.5363
   5    0.0010        1.0221       62.0885       95.3570     1.1107        1.5975       53.3770       91.3810          54.5363
   6    0.0010        0.9904       66.3757       96.3690     1.1006        1.5538       59.5766       91.6331          59.5766
   6    0.0010        0.9904       66.3757       96.3690     1.1006        1.5538       59.5766       91.6331          59.5766
   7    0.0010        0.9595       70.3903       97.2476     1.0937        1.4752       64.5665       94.6573          64.5665
   7    0.0010        0.9595       70.3903       97.2476     1.0937        1.4752       64.5665       94.6573          64.5665
   8    0.0010        0.9277       74.8777       97.9871     1.0792        1.3763       67.7419       95.6653          67.7419
   8    0.0010        0.9277       74.8777       97.9871     1.0792        1.3763       67.7419       95.6653          67.7419
   9    0.0010        0.8969       78.7700       98.4875     1.0693        1.3817       69.0020       95.3629          69.0020
   9    0.0010        0.8969       78.7700       98.4875     1.0693        1.3817       69.0020       95.3629          69.0020
  10    0.0010        0.8659       82.5122       99.2327     1.0570        1.3646       70.0605       95.5645          70.0605
  10    0.0010        0.8659       82.5122       99.2327     1.0570        1.3646       70.0605       95.5645          70.0605
  11    0.0010        0.8362       86.5881       99.6497     1.0406        1.2894       73.4879       96.1694          73.4879
  11    0.0010        0.8362       86.5881       99.6497     1.0406        1.2894       73.4879       96.1694          73.4879
  12    0.0010        0.8025       91.1032       99.9166     1.0225        1.3077       71.9254       95.0101          73.4879
  12    0.0010        0.8025       91.1032       99.9166     1.0225        1.3077       71.9254       95.0101          73.4879
  13    0.0010        0.7679       94.6063       99.9444     1.0035        1.2277       74.9496       95.6653          74.9496
  13    0.0010        0.7679       94.6063       99.9444     1.0035        1.2277       74.9496       95.6653          74.9496
  14    0.0010        0.7356       97.7258      100.0000     0.9790        1.2185       74.3448       96.2198          74.9496
  14    0.0010        0.7356       97.7258      100.0000     0.9790        1.2185       74.3448       96.2198          74.9496
  15    0.0010        0.7110       99.1103      100.0000     0.9616        1.2371       75.6048       95.0101          75.6048
  15    0.0010        0.7110       99.1103      100.0000     0.9616        1.2371       75.6048       95.0101          75.6048
  16    0.0010        0.6850       99.6775      100.0000     0.9396        1.1848       75.9577       95.3629          75.9577
  16    0.0010        0.6850       99.6775      100.0000     0.9396        1.1848       75.9577       95.3629          75.9577
  17    0.0010        0.6705       99.8665      100.0000     0.9204        1.1784       76.4113       96.8246          76.4113
  17    0.0010        0.6705       99.8665      100.0000     0.9204        1.1784       76.4113       96.8246          76.4113
  18    0.0010        0.6552       99.9666      100.0000     0.9012        1.1814       76.4617       96.1694          76.4617
  18    0.0010        0.6552       99.9666      100.0000     0.9012        1.1814       76.4617       96.1694          76.4617
  19    0.0010        0.6441       99.9889      100.0000     0.8857        1.2114       77.4194       96.1190          77.4194
  19    0.0010        0.6441       99.9889      100.0000     0.8857        1.2114       77.4194       96.1190          77.4194
  20    0.0010        0.6362      100.0000      100.0000     0.8705        1.1697       77.7722       96.7742          77.7722
  20    0.0010        0.6362      100.0000      100.0000     0.8705        1.1697       77.7722       96.7742          77.7722
  21    0.0010        0.6335      100.0000      100.0000     0.8580        1.1760       77.3185       96.3710          77.7722
  21    0.0010        0.6335      100.0000      100.0000     0.8580        1.1760       77.3185       96.3710          77.7722
  22    0.0010        0.6271       99.9889      100.0000     0.8460        1.1894       78.1754       96.8246          78.1754
  22    0.0010        0.6271       99.9889      100.0000     0.8460        1.1894       78.1754       96.8246          78.1754
  23    0.0010        0.6219      100.0000      100.0000     0.8342        1.1748       78.3266       96.4718          78.3266
  23    0.0010        0.6219      100.0000      100.0000     0.8342        1.1748       78.3266       96.4718          78.3266
  24    0.0010        0.6173      100.0000      100.0000     0.8246        1.1951       78.8306       96.1694          78.8306
  24    0.0010        0.6173      100.0000      100.0000     0.8246        1.1951       78.8306       96.1694          78.8306
  25    0.0010        0.6134       99.9889      100.0000     0.8159        1.1931       77.7218       96.3206          78.8306
  25    0.0010        0.6134       99.9889      100.0000     0.8159        1.1931       77.7218       96.3206          78.8306
  26    0.0010        0.6098      100.0000      100.0000     0.8081        1.1707       78.8810       96.6230          78.8810
  26    0.0010        0.6098      100.0000      100.0000     0.8081        1.1707       78.8810       96.6230          78.8810
  27    0.0010        0.6072      100.0000      100.0000     0.8002        1.1755       78.0242       96.8750          78.8810
  27    0.0010        0.6072      100.0000      100.0000     0.8002        1.1755       78.0242       96.8750          78.8810
  28    0.0010        0.6044      100.0000      100.0000     0.7925        1.1620       78.0242       96.9254          78.8810
  28    0.0010        0.6044      100.0000      100.0000     0.7925        1.1620       78.0242       96.9254          78.8810
  29    0.0010        0.6012      100.0000      100.0000     0.7871        1.1753       78.2258       96.6734          78.8810
  29    0.0010        0.6012      100.0000      100.0000     0.7871        1.1753       78.2258       96.6734          78.8810
  30    0.0010        0.5982      100.0000      100.0000     0.7811        1.1936       78.2762       96.4214          78.8810
  30    0.0010        0.5982      100.0000      100.0000     0.7811        1.1936       78.2762       96.4214          78.8810
  31    0.0007        0.5899      100.0000      100.0000     0.7743        1.1820       78.3770       96.4718          78.8810
  31    0.0007        0.5899      100.0000      100.0000     0.7743        1.1820       78.3770       96.4718          78.8810
  32    0.0007        0.5853      100.0000      100.0000     0.7688        1.1788       78.6794       97.3286          78.8810
  32    0.0007        0.5853      100.0000      100.0000     0.7688        1.1788       78.6794       97.3286          78.8810
  33    0.0007        0.5838      100.0000      100.0000     0.7658        1.1627       79.1835       97.0262          79.1835
  33    0.0007        0.5838      100.0000      100.0000     0.7658        1.1627       79.1835       97.0262          79.1835
  34    0.0007        0.5840      100.0000      100.0000     0.7627        1.1712       78.9315       97.1270          79.1835
  34    0.0007        0.5840      100.0000      100.0000     0.7627        1.1712       78.9315       97.1270          79.1835
  35    0.0007        0.5833      100.0000      100.0000     0.7608        1.1661       79.4859       96.8750          79.4859
  35    0.0007        0.5833      100.0000      100.0000     0.7608        1.1661       79.4859       96.8750          79.4859
  36    0.0007        0.5825      100.0000      100.0000     0.7579        1.1661       78.6794       97.4294          79.4859
  36    0.0007        0.5825      100.0000      100.0000     0.7579        1.1661       78.6794       97.4294          79.4859
  37    0.0007        0.5823      100.0000      100.0000     0.7565        1.1608       79.6371       96.6734          79.6371
  37    0.0007        0.5823      100.0000      100.0000     0.7565        1.1608       79.6371       96.6734          79.6371
  38    0.0007        0.5810      100.0000      100.0000     0.7531        1.1872       78.0746       97.2782          79.6371
  38    0.0007        0.5810      100.0000      100.0000     0.7531        1.1872       78.0746       97.2782          79.6371
  39    0.0007        0.5800      100.0000      100.0000     0.7511        1.1804       78.0242       96.6230          79.6371
  39    0.0007        0.5800      100.0000      100.0000     0.7511        1.1804       78.0242       96.6230          79.6371
  40    0.0007        0.5796      100.0000      100.0000     0.7497        1.1752       77.5202       96.9758          79.6371
  40    0.0007        0.5796      100.0000      100.0000     0.7497        1.1752       77.5202       96.9758          79.6371
  41    0.0007        0.5786      100.0000      100.0000     0.7469        1.1702       77.4194       96.6734          79.6371
  41    0.0007        0.5786      100.0000      100.0000     0.7469        1.1702       77.4194       96.6734          79.6371
  42    0.0007        0.5780      100.0000      100.0000     0.7450        1.1707       78.8306       96.9758          79.6371
  42    0.0007        0.5780      100.0000      100.0000     0.7450        1.1707       78.8306       96.9758          79.6371
  43    0.0007        0.5775      100.0000      100.0000     0.7422        1.1584       77.5706       96.6230          79.6371
  43    0.0007        0.5775      100.0000      100.0000     0.7422        1.1584       77.5706       96.6230          79.6371
  44    0.0007        0.5771      100.0000      100.0000     0.7412        1.1850       78.2258       97.0766          79.6371
  44    0.0007        0.5771      100.0000      100.0000     0.7412        1.1850       78.2258       97.0766          79.6371
  45    0.0007        0.5762      100.0000      100.0000     0.7384        1.1599       78.1250       96.8246          79.6371
  45    0.0007        0.5762      100.0000      100.0000     0.7384        1.1599       78.1250       96.8246          79.6371
  46    0.0007        0.5755      100.0000      100.0000     0.7370        1.1850       78.2762       95.9173          79.6371
  46    0.0007        0.5755      100.0000      100.0000     0.7370        1.1850       78.2762       95.9173          79.6371
  47    0.0007        0.5750      100.0000      100.0000     0.7353        1.1667       78.2258       96.9758          79.6371
  47    0.0007        0.5750      100.0000      100.0000     0.7353        1.1667       78.2258       96.9758          79.6371
  48    0.0007        0.5745      100.0000      100.0000     0.7335        1.1606       78.2762       96.9758          79.6371
  48    0.0007        0.5745      100.0000      100.0000     0.7335        1.1606       78.2762       96.9758          79.6371
  49    0.0007        0.5736      100.0000      100.0000     0.7315        1.1609       77.4194       96.8750          79.6371
  49    0.0007        0.5736      100.0000      100.0000     0.7315        1.1609       77.4194       96.8750          79.6371
  50    0.0007        0.5728      100.0000      100.0000     0.7290        1.1884       76.9153       97.0766          79.6371
  50    0.0007        0.5728      100.0000      100.0000     0.7290        1.1884       76.9153       97.0766          79.6371
  51    0.0007        0.5725      100.0000      100.0000     0.7269        1.1767       77.3690       95.9677          79.6371
  51    0.0007        0.5725      100.0000      100.0000     0.7269        1.1767       77.3690       95.9677          79.6371
  52    0.0007        0.5725      100.0000      100.0000     0.7257        1.1765       77.7218       97.0766          79.6371
  52    0.0007        0.5725      100.0000      100.0000     0.7257        1.1765       77.7218       97.0766          79.6371
  53    0.0007        0.5717      100.0000      100.0000     0.7241        1.1953       77.9234       96.6230          79.6371
  53    0.0007        0.5717      100.0000      100.0000     0.7241        1.1953       77.9234       96.6230          79.6371
  54    0.0007        0.5715      100.0000      100.0000     0.7223        1.1765       78.2258       96.1694          79.6371
  54    0.0007        0.5715      100.0000      100.0000     0.7223        1.1765       78.2258       96.1694          79.6371
  55    0.0007        0.5709      100.0000      100.0000     0.7207        1.1702       78.0746       96.6230          79.6371
  55    0.0007        0.5709      100.0000      100.0000     0.7207        1.1702       78.0746       96.6230          79.6371
  56    0.0007        0.5706      100.0000      100.0000     0.7183        1.1745       77.8730       96.5222          79.6371
  56    0.0007        0.5706      100.0000      100.0000     0.7183        1.1745       77.8730       96.5222          79.6371
  57    0.0007        0.5707      100.0000      100.0000     0.7172        1.1513       78.1250       97.1270          79.6371
  57    0.0007        0.5707      100.0000      100.0000     0.7172        1.1513       78.1250       97.1270          79.6371
  58    0.0007        0.5699      100.0000      100.0000     0.7153        1.1819       77.0161       95.8669          79.6371
  58    0.0007        0.5699      100.0000      100.0000     0.7153        1.1819       77.0161       95.8669          79.6371
  59    0.0007        0.5694      100.0000      100.0000     0.7130        1.1694       77.0665       96.5222          79.6371
  59    0.0007        0.5694      100.0000      100.0000     0.7130        1.1694       77.0665       96.5222          79.6371
  60    0.0007        0.5691      100.0000      100.0000     0.7118        1.1769       77.1673       96.1694          79.6371
  60    0.0007        0.5691      100.0000      100.0000     0.7118        1.1769       77.1673       96.1694          79.6371
  61    0.0005        0.5671      100.0000      100.0000     0.7092        1.1665       78.0242       96.6734          79.6371
  61    0.0005        0.5671      100.0000      100.0000     0.7092        1.1665       78.0242       96.6734          79.6371
  62    0.0005        0.5657      100.0000      100.0000     0.7067        1.1705       77.2681       96.4718          79.6371
  62    0.0005        0.5657      100.0000      100.0000     0.7067        1.1705       77.2681       96.4718          79.6371
  63    0.0005        0.5654      100.0000      100.0000     0.7049        1.1631       77.1169       96.5222          79.6371
  63    0.0005        0.5654      100.0000      100.0000     0.7049        1.1631       77.1169       96.5222          79.6371
  64    0.0005        0.5654      100.0000      100.0000     0.7033        1.1760       77.5202       96.0181          79.6371
  64    0.0005        0.5654      100.0000      100.0000     0.7033        1.1760       77.5202       96.0181          79.6371
  65    0.0005        0.5655      100.0000      100.0000     0.7013        1.1661       78.0242       96.6230          79.6371
  65    0.0005        0.5655      100.0000      100.0000     0.7013        1.1661       78.0242       96.6230          79.6371
  66    0.0005        0.5652      100.0000      100.0000     0.6998        1.1592       77.9738       96.3206          79.6371
  66    0.0005        0.5652      100.0000      100.0000     0.6998        1.1592       77.9738       96.3206          79.6371
  67    0.0005        0.5652      100.0000      100.0000     0.6986        1.1529       77.5706       96.4214          79.6371
  67    0.0005        0.5652      100.0000      100.0000     0.6986        1.1529       77.5706       96.4214          79.6371
  68    0.0005        0.5653      100.0000      100.0000     0.6976        1.1744       76.8649       96.3710          79.6371
  68    0.0005        0.5653      100.0000      100.0000     0.6976        1.1744       76.8649       96.3710          79.6371
  69    0.0005        0.5651      100.0000      100.0000     0.6959        1.1607       77.5202       96.1694          79.6371
  69    0.0005        0.5651      100.0000      100.0000     0.6959        1.1607       77.5202       96.1694          79.6371
  70    0.0005        0.5649      100.0000      100.0000     0.6952        1.1766       77.6210       96.5222          79.6371
  70    0.0005        0.5649      100.0000      100.0000     0.6952        1.1766       77.6210       96.5222          79.6371
  71    0.0005        0.5649      100.0000      100.0000     0.6939        1.1608       77.8226       96.1694          79.6371
  71    0.0005        0.5649      100.0000      100.0000     0.6939        1.1608       77.8226       96.1694          79.6371
  72    0.0005        0.5644      100.0000      100.0000     0.6926        1.1653       77.6210       96.5222          79.6371
  72    0.0005        0.5644      100.0000      100.0000     0.6926        1.1653       77.6210       96.5222          79.6371
  73    0.0005        0.5642      100.0000      100.0000     0.6906        1.1822       76.4113       96.3710          79.6371
  73    0.0005        0.5642      100.0000      100.0000     0.6906        1.1822       76.4113       96.3710          79.6371
  74    0.0005        0.5643      100.0000      100.0000     0.6896        1.1656       77.1169       96.0685          79.6371
  74    0.0005        0.5643      100.0000      100.0000     0.6896        1.1656       77.1169       96.0685          79.6371
  75    0.0005        0.5643      100.0000      100.0000     0.6886        1.1784       77.4698       96.5222          79.6371
  75    0.0005        0.5643      100.0000      100.0000     0.6886        1.1784       77.4698       96.5222          79.6371
  76    0.0005        0.5641      100.0000      100.0000     0.6870        1.1634       77.2681       96.5726          79.6371
  76    0.0005        0.5641      100.0000      100.0000     0.6870        1.1634       77.2681       96.5726          79.6371
  77    0.0005        0.5639      100.0000      100.0000     0.6862        1.1695       77.1673       96.3206          79.6371
  77    0.0005        0.5639      100.0000      100.0000     0.6862        1.1695       77.1673       96.3206          79.6371
  78    0.0005        0.5639      100.0000      100.0000     0.6850        1.1619       77.9234       96.4214          79.6371
  78    0.0005        0.5639      100.0000      100.0000     0.6850        1.1619       77.9234       96.4214          79.6371
  79    0.0005        0.5637      100.0000      100.0000     0.6836        1.1678       77.3690       96.1190          79.6371
  79    0.0005        0.5637      100.0000      100.0000     0.6836        1.1678       77.3690       96.1190          79.6371
  80    0.0005        0.5636      100.0000      100.0000     0.6828        1.1892       76.4113       96.1694          79.6371
  80    0.0005        0.5636      100.0000      100.0000     0.6828        1.1892       76.4113       96.1694          79.6371
  81    0.0005        0.5636      100.0000      100.0000     0.6821        1.1680       76.1089       95.8669          79.6371
  81    0.0005        0.5636      100.0000      100.0000     0.6821        1.1680       76.1089       95.8669          79.6371
  82    0.0005        0.5634      100.0000      100.0000     0.6807        1.1598       76.9657       95.9173          79.6371
  82    0.0005        0.5634      100.0000      100.0000     0.6807        1.1598       76.9657       95.9173          79.6371
  83    0.0005        0.5636      100.0000      100.0000     0.6798        1.1684       77.0161       95.8669          79.6371
  83    0.0005        0.5636      100.0000      100.0000     0.6798        1.1684       77.0161       95.8669          79.6371
  84    0.0005        0.5634      100.0000      100.0000     0.6789        1.1638       77.1673       96.4718          79.6371
  84    0.0005        0.5634      100.0000      100.0000     0.6789        1.1638       77.1673       96.4718          79.6371
  85    0.0005        0.5630      100.0000      100.0000     0.6776        1.1808       76.1593       96.4214          79.6371
  85    0.0005        0.5630      100.0000      100.0000     0.6776        1.1808       76.1593       96.4214          79.6371
  86    0.0005        0.5629      100.0000      100.0000     0.6764        1.1647       76.9657       96.0685          79.6371
  86    0.0005        0.5629      100.0000      100.0000     0.6764        1.1647       76.9657       96.0685          79.6371
  87    0.0005        0.5628      100.0000      100.0000     0.6753        1.1693       76.8649       95.7157          79.6371
  87    0.0005        0.5628      100.0000      100.0000     0.6753        1.1693       76.8649       95.7157          79.6371
  88    0.0005        0.5629      100.0000      100.0000     0.6751        1.1740       77.2177       95.7661          79.6371
  88    0.0005        0.5629      100.0000      100.0000     0.6751        1.1740       77.2177       95.7661          79.6371
  89    0.0005        0.5628      100.0000      100.0000     0.6741        1.1732       76.6129       96.1694          79.6371
  89    0.0005        0.5628      100.0000      100.0000     0.6741        1.1732       76.6129       96.1694          79.6371
  90    0.0005        0.5628      100.0000      100.0000     0.6733        1.1876       77.3185       96.6230          79.6371
  90    0.0005        0.5628      100.0000      100.0000     0.6733        1.1876       77.3185       96.6230          79.6371
  91    0.0003        0.5619      100.0000      100.0000     0.6716        1.1740       76.4617       96.2702          79.6371
  91    0.0003        0.5619      100.0000      100.0000     0.6716        1.1740       76.4617       96.2702          79.6371
  92    0.0003        0.5614      100.0000      100.0000     0.6696        1.1715       76.8145       96.3206          79.6371
  92    0.0003        0.5614      100.0000      100.0000     0.6696        1.1715       76.8145       96.3206          79.6371
  93    0.0003        0.5613      100.0000      100.0000     0.6683        1.1780       77.2681       96.2702          79.6371
  93    0.0003        0.5613      100.0000      100.0000     0.6683        1.1780       77.2681       96.2702          79.6371
  94    0.0003        0.5614      100.0000      100.0000     0.6673        1.1754       77.2177       96.0181          79.6371
  94    0.0003        0.5614      100.0000      100.0000     0.6673        1.1754       77.2177       96.0181          79.6371
  95    0.0003        0.5614      100.0000      100.0000     0.6666        1.1641       77.2681       96.0685          79.6371
  95    0.0003        0.5614      100.0000      100.0000     0.6666        1.1641       77.2681       96.0685          79.6371
  96    0.0003        0.5613      100.0000      100.0000     0.6653        1.1684       76.2601       96.2198          79.6371
  96    0.0003        0.5613      100.0000      100.0000     0.6653        1.1684       76.2601       96.2198          79.6371
  97    0.0003        0.5613      100.0000      100.0000     0.6643        1.1681       77.5202       96.2702          79.6371
  97    0.0003        0.5613      100.0000      100.0000     0.6643        1.1681       77.5202       96.2702          79.6371
  98    0.0003        0.5612      100.0000      100.0000     0.6638        1.1679       76.7137       95.8669          79.6371
  98    0.0003        0.5612      100.0000      100.0000     0.6638        1.1679       76.7137       95.8669          79.6371
  99    0.0003        0.5611      100.0000      100.0000     0.6629        1.1709       76.0585       96.3710          79.6371
  99    0.0003        0.5611      100.0000      100.0000     0.6629        1.1709       76.0585       96.3710          79.6371
 100    0.0003        0.5611      100.0000      100.0000     0.6618        1.1744       76.7641       96.2198          79.6371
 100    0.0003        0.5611      100.0000      100.0000     0.6618        1.1744       76.7641       96.2198          79.6371
 101    0.0003        0.5610      100.0000      100.0000     0.6612        1.1772       76.8649       96.0685          79.6371
 101    0.0003        0.5610      100.0000      100.0000     0.6612        1.1772       76.8649       96.0685          79.6371
 102    0.0003        0.5610      100.0000      100.0000     0.6603        1.1727       76.6633       96.5222          79.6371
 102    0.0003        0.5610      100.0000      100.0000     0.6603        1.1727       76.6633       96.5222          79.6371
 103    0.0003        0.5610      100.0000      100.0000     0.6593        1.1693       76.7641       96.1694          79.6371
 103    0.0003        0.5610      100.0000      100.0000     0.6593        1.1693       76.7641       96.1694          79.6371
 104    0.0003        0.5610      100.0000      100.0000     0.6587        1.1805       76.1089       96.2198          79.6371
 104    0.0003        0.5610      100.0000      100.0000     0.6587        1.1805       76.1089       96.2198          79.6371
 105    0.0003        0.5608      100.0000      100.0000     0.6580        1.1765       76.1593       95.9677          79.6371
 105    0.0003        0.5608      100.0000      100.0000     0.6580        1.1765       76.1593       95.9677          79.6371
 106    0.0003        0.5609      100.0000      100.0000     0.6570        1.1683       77.0665       96.3710          79.6371
 106    0.0003        0.5609      100.0000      100.0000     0.6570        1.1683       77.0665       96.3710          79.6371
 107    0.0003        0.5608      100.0000      100.0000     0.6566        1.1670       77.1169       96.2702          79.6371
 107    0.0003        0.5608      100.0000      100.0000     0.6566        1.1670       77.1169       96.2702          79.6371
 108    0.0003        0.5609      100.0000      100.0000     0.6558        1.1777       76.7137       95.9677          79.6371
 108    0.0003        0.5609      100.0000      100.0000     0.6558        1.1777       76.7137       95.9677          79.6371
 109    0.0003        0.5606      100.0000      100.0000     0.6551        1.1639       76.2097       96.1694          79.6371
 109    0.0003        0.5606      100.0000      100.0000     0.6551        1.1639       76.2097       96.1694          79.6371
 110    0.0003        0.5608      100.0000      100.0000     0.6545        1.1754       76.9657       96.3710          79.6371
 110    0.0003        0.5608      100.0000      100.0000     0.6545        1.1754       76.9657       96.3710          79.6371
 111    0.0003        0.5607      100.0000      100.0000     0.6542        1.1670       77.2177       96.1694          79.6371
 111    0.0003        0.5607      100.0000      100.0000     0.6542        1.1670       77.2177       96.1694          79.6371
 112    0.0003        0.5607      100.0000      100.0000     0.6536        1.1748       76.0585       95.9173          79.6371
 112    0.0003        0.5607      100.0000      100.0000     0.6536        1.1748       76.0585       95.9173          79.6371
 113    0.0003        0.5605      100.0000      100.0000     0.6527        1.1642       77.1169       96.5222          79.6371
 113    0.0003        0.5605      100.0000      100.0000     0.6527        1.1642       77.1169       96.5222          79.6371
 114    0.0003        0.5606      100.0000      100.0000     0.6520        1.1690       75.4536       96.2702          79.6371
 114    0.0003        0.5606      100.0000      100.0000     0.6520        1.1690       75.4536       96.2702          79.6371
 115    0.0003        0.5604      100.0000      100.0000     0.6508        1.1788       76.4113       96.0181          79.6371
 115    0.0003        0.5604      100.0000      100.0000     0.6508        1.1788       76.4113       96.0181          79.6371
 116    0.0003        0.5604      100.0000      100.0000     0.6503        1.1722       76.8649       95.9173          79.6371
 116    0.0003        0.5604      100.0000      100.0000     0.6503        1.1722       76.8649       95.9173          79.6371
 117    0.0003        0.5604      100.0000      100.0000     0.6503        1.1802       76.7137       95.9677          79.6371
 117    0.0003        0.5604      100.0000      100.0000     0.6503        1.1802       76.7137       95.9677          79.6371
 118    0.0003        0.5605      100.0000      100.0000     0.6488        1.1804       76.1089       96.0685          79.6371
 118    0.0003        0.5605      100.0000      100.0000     0.6488        1.1804       76.1089       96.0685          79.6371
 119    0.0003        0.5605      100.0000      100.0000     0.6485        1.1805       76.3609       95.7157          79.6371
 119    0.0003        0.5605      100.0000      100.0000     0.6485        1.1805       76.3609       95.7157          79.6371
 120    0.0003        0.5603      100.0000      100.0000     0.6478        1.1723       76.7137       95.9677          79.6371
 120    0.0003        0.5603      100.0000      100.0000     0.6478        1.1723       76.7137       95.9677          79.6371
 121    0.0002        0.5601      100.0000      100.0000     0.6469        1.1719       76.3609       96.4718          79.6371
 121    0.0002        0.5601      100.0000      100.0000     0.6469        1.1719       76.3609       96.4718          79.6371
 122    0.0002        0.5599      100.0000      100.0000     0.6460        1.1777       76.2601       96.4718          79.6371
 122    0.0002        0.5599      100.0000      100.0000     0.6460        1.1777       76.2601       96.4718          79.6371
 123    0.0002        0.5599      100.0000      100.0000     0.6451        1.1818       76.3609       95.9173          79.6371
 123    0.0002        0.5599      100.0000      100.0000     0.6451        1.1818       76.3609       95.9173          79.6371
 124    0.0002        0.5598      100.0000      100.0000     0.6441        1.1772       76.7137       96.3206          79.6371
 124    0.0002        0.5598      100.0000      100.0000     0.6441        1.1772       76.7137       96.3206          79.6371
